1726755578248:help
1726755790214:exit
1726781667151:help
1726781669654:exit
1726781802264:help
1726781807440:teste
1726781816167:exit
1726782233906:teste
1726782262397:exit
1726782319723:help
1726782321800:teste
1726782684059:exit
1726782725147:teste
1726789776911:add-despesa
1726895731922:exit
1726895789707:add-despesa
1730553316370:help
1730553323667:add despesa
1730553331277:add-despesa
1730553437921:exit
1741922103779:help
1741922122482:find-fornecedor
1752174100037:helo
1752174103412:help
1752174335320:clean
1752174344010:cls
1752174348011:help
1752174351919:clear
1752174355967:version
1752174546676:help
1752174585724:status-despesa
1752174891563:find-despesa
1752174913045:exit
1752177185007:help
1752177187217:clar
1752177188564:clear
1752177191572:help
1752177201167:add-depsesa
1752177204363:add-despesa
1752177300783:exit
1752177606946:help
1752177609323:exit
1752177746865:help
1752177754097:add-despesa
1752177755891:exit
1752178081727:help
1752178086760:add-despesa
1752178089283:exit
1752179204187:help
1752179208065:add-despesa
1752179212382:exit
