1726790324633:add-despesa
1726790524775:exit
1726790632052:add-despesa
1726895243964:help
1726895249644:add-despesa
1726895265451:help
1726895270062:add-despesa
1726895276691:exit
1726895307757:add-despesa
1726895656506:kill $(lsof -t -i:8080)
1726895666263:exit
1726895764482:add-despesa
1726895768986:exit
1726899238628:add-despesa
1726902009173:exit
1726902137058:add-despesa
1727130508400:exit
1727130521432:help
1727130528719:list-despesas
1727130533912:list-despesas deivy
1727130597024:help
1727130598978:list-despesas
1727130610123:list-despesas deivy
1727147805064:help
1727147811447:list-despesas
1727147816916:list-despesas deivy
1727147822051:add-despesas
1727147827516:add-despesa
1727147859007:exit
1727148439155:add-despesa
1727148712122:exit
1727148790473:add-despesa
1727228396401:clear
1727228398548:add-despesa
1727235133964:help
1727235140596:list-despesas
1727235154668:list-despesas --s id
1727235158749:list-despesas -s id
1727235164666:list-despesas --sort id
1727235604821:help
1727235608695:complete
1727235623688:complete var1
1727235629733:complete var3
1727235635583:complete ab
1727235653384:complete val
1727235660117:complete val1
1727301233117:help
1727301247288:add-despesa
1727301432334:clear
1727301434891:add-despesa
1727301452638:clear
1727301455336:help
1727301464663:exit
1727301888840:help
1727301893204:add-fornecedor
1727301904127:clear
1727301912287:add-fornecedor
1727302252802:clear
1727302255032:add-fornecedor
1727303805050:clear
1727303807569:add-fornecedor
1727304692768:clear
1727304703422:add-fornecedor
1727394468106:clear
1727394472424:add-fornecedor
1727394574310:clear
1727394576969:add-fornecedor
1727476812412:help
1727476816786:add-fornecedor
1727477681081:help
1727477685595:progress-counter
1727478526814:help
1727478531287:progress-counter
1727480552861:help
1727480556453:add-fornecedor
1727828058669:help
1727828063004:add-fornecedor
1727833223074:clear
1727833225449:add-fornecedor
1727833942816:clear
1727833946610:add-fornecedor
1727834299955:clear
1727834302247:add-fornecedor
1727834513398:clear
1727834521576:add-fornecedor
1727834662923:clear
1727834665595:add-fornecedor
1727834780130:clear
1727834782684:add-fornecedor
1727835255120:clear
1727835257625:add-fornecedor
1727835471516:clear
1727835475083:help
1727835478400:add-despesa
1727836358930:clear
1727836381679:add-despesa
1727837359975:clear
1727837362571:add-despesa
1727837541693:clear
1727837544964:add-despesa
1727837736054:clear
1727837738541:add-despesa
1727838913113:help
1727839534370:find-fornecedor
1727839806959:clear
1727839811004:find-fornecedor
1727840043456:clear
1727840046033:help
1727840051169:add-fornecedor
1727840162932:clear
1727840168597:add-fornecedor
1727840357159:clear
1727840360453:add-fornecedor
1727840804124:clear
1727840806426:add-despesa
1727841147652:find-fornecedor
1727841169669:add-despesa
1727841468444:clear
1727841473921:help
1727841477097:find-fornecedor
1727841515704:add-fornecedor
1727841684307:add-despesa
1727841843593:find-fornecedor
1727841936923:add-despesa
1727842484676:find-fornecedor
1727842523896:add-fornecedor
1727842555641:add-despesa
1727842725040:exit
1727908608709:help
1727908644678:add-despesa
1727908789828:find-fornecedor
1727908844843:add-fornecedor
1727908949680:add-despesa
1727909112486:help
1727909121866:find-fornecedor
1727909139529:add-fornecedor
1727909154155:add-despesa
1727910375357:find-fornecedor
1727910407376:add-fornecedor
1727910426280:add-despesa
1727910540473:find-fornecedor
1727910588347:add-fornecedor
1727910627108:add-despesa
1727911752505:find-fornecedor
1727911768593:add-despesa
1727911881322:find-fornecedor
1727911963428:add-fornecedor
1727911977878:add-despesa
1727912141015:find-fornecedor
1727912373738:add-despesa
1727912826449:find-fornecedor
1727912852915:add-fornecedor
1727912875969:add-despesa
1727912962605:find-fornecedor
1727912993926:add-despesa
1727913326475:find-fornecedor
1727913347952:add-despesa
1727913354576:add-fornecedor
1727913368963:add-despesa
1727913664920:find-fornecedor
1727913685066:add-fornecedor
1727913700059:add-despesa
1727913788754:find-fornecedor
1727913812071:add-despesa
1727914134524:find-fornecedor
1727914161679:add-despesa
1727914181695:add-fornecedor
1727914197012:add-despesa
1727914345652:find
1727914348812:find-fornecedor
1727914362869:add-fornecedor
1727914375556:add-despesa
1727914643130:find-fornecedor
1727914661864:add-fornecedor
1727914678233:add-despesa
1727914772657:find-fornecedor
1727914793591:add-despesa
1727915035787:find-fornecedor
1727915114745:add-fornecedor
1727915180654:add-despesa
1727916254420:clear
1727916292967:find-fornecedor
1727916313420:add-fornecedor
1727916334964:find-fornecedor
1727916349148:add-fornecedor
1727916386490:add-despesa
1727916438628:find-fornecedor
1727916450929:add-despesa
1727916706487:find-fornecedor
1727916719814:add-fornecedor
1727916743920:add-despesa
1727916796214:find-fornecedor
1727916828030:add-despesa
1727916901837:find-fornecedor
1727916940204:add-fornecedor
1727916991869:add-despesa
1727917208566:exit
1727923969505:find-fornecedor
1727923987198:add-fornecedor
1727924006451:add-despesa
1727924254401:find-fornecedor
1727924318201:clear
1727924321660:add-despesa
1727924501587:find-fornecedor
1727924520723:add-despesa
1727924531908:add-fornecedor
1727924559559:add-despesa
1727924805499:find-fornecedor
1727924831718:add-fornecedor
1727924850979:add-despesa
1727925009789:find-fornecedor
1727925113535:add-despesa
1727925187879:find-fornecedor
1727925209955:add-fornecedor
1727925237220:add-despesa
1727925365825:find-fornecedor
1727925378245:add-fornecedor
1727925391201:add-despesa
1727925476730:find-fornecedor
1727925490953:add-despesa
1727925628385:find-fornecedor
1727925642494:add-fornecedor
1727925654443:add-despesa
1727925744601:find-fornecedor
1727925768988:add-despesa
1727925990735:add-fornecedor
1727926009300:add-despesa
1727926083251:find-fornecedor
1727926093854:add-fornecedor
1727926152162:add-despesa
1727926431355:add-fornecedor
1727926446480:add-despesa
1727926503303:find-fornecedor
1727926519879:add-fornecedor
1727926533826:add-despesa
1727926711548:find-fornecedor
1727926741524:add-fornecedor
1727926762801:add-despesa
1727926853192:find-fornecedor
1727926867092:add-fornecedor
1727926878325:add-despesa
1727927229299:find-fornecedor
1727927257326:add-fornecedor
1727927297580:add-despesa
1727927339736:find-fornecedor
1727927351512:add-fornecedor
1727927386397:add-despesa
1727927456391:find-fornecedor
1727927476154:add-despesa
1727927643593:add-fornecedor
1727927702047:add-despesa
1727928228351:exit
1727999666782:find-fornecedor
1727999679185:add-fornecedor
1730553600953:add-despesa
1730557711868:add=despesa
1730557714400:add-despesa
1730558514024:exit
1730559946251:add-despesa
1730563573001:ehlp
1730563575584:help
1730563595322:add-fornecedor
1730563612878:find-fornecedor
1730564061256:help
1730564065323:status-despesa
1730564430983:help
1730564438766:status-conta
1730564889669:help
1730565165677:find-contas
1730565598613:find-contas -a tste
1730565613459:find-contas --arg tste
1730565620111:find-contas --a tste
1730565623165:find-contas -a tste
1730565626335:find-contas a tste
1730565665066:find-contas
1730565767565:find-contas --arg
1730565776426:find-contas
1730566048602:help
1730566393424:find-contas
1730567801166:edit-contas
1730567807751:edit-conta
1730772042337:help
1730772049371:find-contas
1730772065685:help
1730772075720:status-conta
1730772115549:edit-conta
1730772708673:help
1730772714914:add-despesa
1730773180987:exit
1730773196172:add-despesa
1730773717383:exit
1730775183407:help
1730775189081:edit-despesa
1730775194945:editar-despesa
1730775229685:edit-despesa
1730775381684:editar-despesa
1730775387789:edit-despesa
1730780887273:exit
1730780990230:edit-despesa
1730928991976:help
1730928998479:list-despesa
1730929045120:clear
1730929048456:exit
1730929062473:list-despesa
1730929142608:help
1730929150309:list-despesa
1730929253131:exit
1730929373152:list-despesa
1730930238549:clear
1730930241201:exit
1730930256179:clear
1730930260229:list-despesa
1730930771007:exit
1730931120217:list-despesa
1730931136135:exit
1730931323334:list-despesa
1730931332578:exit
1730932146234:list-despesa
1730932186116:exit
1730932674130:list-despesa
1730934081883:exit
1730934091846:list-despesa
1730935111578:exit
1730935119666:list-despesa
1730935254359:exit
1730935263896:list-despesa
1730935383854:exit
1730935394281:list-despesa
1730935460212:exit
1730935473572:list-despesa
1730935705399:exit
1730935715929:list-despesa
1730935904730:clear
1730935909158:exit
1730935923509:clear
1730935926949:list-despesa
1730936034634:exit
1730936063518:list-despesa
1730936196143:exit
1730936269995:list-despesa
1730936650076:exit
1730936899936:list-despesa
1730936962675:exit
1730936972102:list-despesa
1730937061670:exit
1730937071366:list-despesa
1730937093408:exit
1730937220169:list-despesa
1730937330306:exit
1730937340230:list-despesa
1730937405225:exit
1730937816691:list-despesa
1730937832134:exit
1730937868986:list-despesa
1730941945667:exit
1730941983268:clear
1730941987357:list-despesa
1730942043637:exit
1730942060680:clear
1730942062161:hep
1730942064269:help
1730942077641:progress-counter
1730942086128:exit
1730942875274:progress-counter
1730942906202:list-despesa
1730942936337:exit
1730943260012:list-despesa
1730943317893:exit
1730943429225:list-despesa
1730943538934:exit
1730943661402:list-despesa
1730943782720:exit
1730943795791:list-despesa
1730943818386:exit
1730944368731:list-despesa
1730944377838:exit
1730944393944:list-despesa
1730944479815:exit
1730944490321:list-despesa
1730944623718:exit
1730944633420:list-despesa
1730944641867:exit
1730944668123:list-despesa
1730944689564:exit
1730944700176:list-despesa
1730944744024:exit
1730944756716:list-despesa
1730944793054:exit
1730944803103:list-despesa
1730944822726:exit
1730944832521:list-despesa
1730944858985:exit
1730944870712:list-despesa
1730945134884:exit
1730945153950:list-despesa
1730945245353:exit
1730945317956:list-despesa
1730945499616:exit
1730945509752:list-despesa
1730945556495:exit
1730945703470:list-despesa
1730945733678:exit
1730945779998:list-despesa
1730945801307:exit
1730945900176:list-despesa
1730953379151:exit
1730953478915:list-despesa
1730953546535:clear
1730953548354:list-despesa
1730953570474:exit
1730954011800:list-despesa
1730954048431:exit
1730954058205:list-despesa
1730954269975:exit
1730954278738:list-despesa
1730954346783:exit
1730954356253:order
1730954362369:list-despesa
1730954433727:exit
1730954869682:list-despesa
1731016624727:help
1731016629051:list-despesa
1731016673271:id 61
1731016747399:list-despesa
1731016801555:exit
1731017215881:list-despesa
1731017327330:exit
1731017336828:list-despesa
1731017370694:exit
1731019753853:list-despesa
1731019814025:exit
1731019851041:list-despesa
1731019888936:exit
1731020002029:list-despesa
1731020295270:exit
1731020306566:list-despesa
1731020406190:exit
1731020415692:list-despesa
1731020494983:exit
1731020505972:list-despesa
1731020643584:exit
1731020655413:list-despesa
1731020811628:exit
1731020821870:list-despesa
1731020950642:exit
1731020960131:list-despesa
1731020982803:exit
1731020998447:list-despesa
1731021153570:exit
1731021243510:list-despesa
1731021309814:exit
1731021320125:list-despesa
1731021384577:exit
1731021570777:list-despesa
1731021582564:exit
1731021623685:list-despesa
1731021657152:exit
1731021882535:list-despesa
1731022154386:exit
1731022189722:list-despesa
1731022245067:exit
1731022496259:help
1731022518183:exit
1731023222942:help
1731023232640:find-contas
1731023246730:exit
1731023263479:find-contas
1731023358807:exit
1731023636030:find-contas
1731023973684:exit
1731024142896:find-contas
1731024180536:exit
1731025122833:find-contas
1731025153742:exit
1731025346073:find-contas
1731025387125:exit
1731025477693:find-contas
1731025621808:exit
1731026091722:find-contas
1731026109189:exit
1731026231338:find-contas
1731026281505:exit
1731026393811:find-contas
1731026426747:exit
1731026632385:find-contas
1731026830543:exit
1731026839307:find-contas
1731026950270:exit
1731026961411:find-contas
1731027084741:exit
1731027151267:help
1731027155778:list-despesa
1731027195723:help
1731027201076:find-contas
1731027225604:exit
1731030210381:conta
1731030218459:edit-conta
1731031328635:exit
1731031342861:conta
1731031547762:exit
1731031557153:conta
1731031632828:exit
1731031671343:conta
1731032364671:exit
1731032376485:conta
1731037051705:exit
1731037072365:conta
1731037341672:exit
1731037350708:conta
1731037649503:exit
1731037674222:conta
1731037703068:exit
1731037714043:conta
1731037739755:exit
1731037749372:conta
1731037825526:exit
1731037835143:conta
1731037867185:exit
1731037879323:conta
1731037984441:exit
1731037995915:conta
1731038030582:exit
1731038041336:conta
1731038257635:exit
1731038267313:conta
1731038299144:exit
1731038308985:conta
1731038340202:exit
1731038578410:conta
1731456725015:help
1731456735164:conta
1731456869280:exit
1731457288032:conta
1731457342517:exit
1731457351610:conta
1731457405458:exit
1731457468067:conta
1731457701666:exit
1731457715144:conta
1731457743900:exit
1731457958448:conta
1731459778980:exit
1731459799768:conta
1731459877089:exit
1731459968010:conta
1731460107176:exit
1731460117257:conta
1731461754191:exit
1731461769668:conta
1731461852877:exit
1731461933741:conta
1731462122256:exit
1731462322460:conta
1731462396859:help
1731462401847:list-contas
1731462408028:find-contas
1731462437387:exit
1731541376697:cona
1731541378410:conta
1731541443100:exit
1731542099302:help
1731542102542:conta
1731542190761:exit
1731542681220:conta
1731542738739:list-conta
1731542741087:help
1731542749068:find-conta
1731542752880:find-contas
1731542819449:exit
1731543246370:help
1731543253465:status-conta
1731543261018:find-contas
1731543302529:clear
1731543303920:help
1731543469949:exit
1731543480740:help
1731543488663:set-conta-paga
1731543491302:exit
1731544271133:help
1731544276598:set-conta-paga
1731544291396:exit
1731544391848:set-conta-paga
1731544447805:exit
1731544483174:set-conta-paga
1731544494673:exit
1731544545420:set-conta-paga
1732844694148:help
1732844701500:list-despesa
1732844740483:help
1732844745320:find-contas
1732844789279:exit
1732844900778:help
1732844906526:find-contas
1732844946153:exit
1732845049240:find-contas
1732845191072:exit
1732845227829:help
1732845232331:find-contas
1732845367525:exit
1732845618454:find-contas
1732845654639:exit
1732845760357:help
1732845768163:status-conta
1732845805533:add-conta
1732845876985:find-contas
1732845964459:exit
1732846385697:find-contas
1732846492790:exit
1732846612708:find-contas
1732846650268:exit
1732847348152:find-contas
1732847889391:exit
1732847900658:find-contas
1732847995473:exit
1732848858276:find-contas
1732848870850:exit
1732848902557:find-contas
1732848949281:help
1732848952992:add-conta
1732849106700:exit
1732849119598:add-conta
1732849196901:exi
1732849198742:exit
1732849247540:add-conta
1732849307194:find-contas
1732849841034:exit
1732849855916:add-conta
1732849912726:find-contas
1732850067913:add-conta
1732850163876:exit
1732850268357:add-conta
1732850329859:find-contas
1732850453383:exi
1732850471479:find-contas
1732850475056:exit
1732850495436:find-contas
1732850547781:add-conta
1732850638058:find-contas
1732850691014:add-conta
1732850741924:find-contas
1732850830930:add-conta
1732850893451:find-contas
1732850920749:add-conta
1732850980625:find-contas
1732851299651:exit
1732851425495:find-contas
1732851505551:exit
1732851517064:find-contas
1732851709504:help
1732851715941:status-conta
1732851759266:exit
1732853994953:help
1732854002447:find-despesa
1732854079710:add-despesa
1732854150883:find-despesa
1732854192478:add-despesa
1732854236269:find-despesa
1732854263394:add-despesa
1732854364891:find-despesa
1732854389912:add-despesa
1732854432620:find-despesa
1732854561403:exit
1732854596088:find-despesa
1732855596498:exit
1732855609209:add-despesa
1732855692059:exit
1732855713410:find-despesa
1732855742270:add-despesa
1732855783597:help
1732855793231:find-fonecedor
1732855799425:find-fornecedor
1732855819934:add-despesa
1732855928266:find-despesa
1732855969931:exit
1732919272708:help
1732919279354:status-despesa
1732919374734:exit
1732919387717:status-despesa
1732919418157:exit
1732919428113:status-despesa
1732919442450:exit
1732919459588:status-despesa
1732919560016:exit
1732919571636:status-despesa
1732920192830:exit
1732920205932:status-despesa
1732920370977:find-despesa
1732920609815:exit
1732920620180:find-despesa
1732920691493:exit
1732920702774:find-despesa
1732920805662:exit
1732920819343:find-despesa
1732921772727:exit
1732921788408:find-despesas
1732921790266:find-despesa
1732923082441:exit
1732923097619:find-despesas
1732923099940:find-despesa
1732928703781:exit
1732928721134:help
1732928748919:exit
1732928831296:find-contas
1732929037359:add-conta
1732929146442:find-conta
1732929155111:find-contas
1732929290271:add-conta
1732929344412:find-contas
1732929376543:help
1732929378621:clear
1732929380248:help
1732929386788:fin-despesa
1732929390173:find-despesa
1732929584833:exit
1732929597815:find-despesa
1732929668509:find-contas
1732929913551:add-despesa
1732929940194:add-conta
1732930005249:find-contas
1732930029643:exit
1732931176450:find-contas
1732931184352:find-despesa
1732931257431:exit
1732931270123:find-despesa
1732931273754:exit
1732931294475:find-contas
1732931378665:add-conta
1732931434243:find-contas
1732931489085:ext
1732931492751:exit
1732931503991:find-contas
1732931521883:exit
1732931808067:clear
1732931810100:help
1732931814116:add-despesa
1732931827016:find-contas
1732931892191:find-despesa
1732931917188:exit
1732932329806:help
1732932371435:status-conta
1732932406406:exit
1732932419298:status-conta
1732932451246:help
1732932458774:find-fonrecedor
1732932467949:find-fornecedor
1732932525972:find-despesa
1732932581478:exit
1732933738323:find-forncedor
1732933748223:find-fornecedor
1732933770704:help
1732933780920:find-fornecedor
1732933865244:exit
1732933877708:find-fornecedor
1732933919385:EXIT
1732933922075:exit
1732933933805:find-fornecedor
1732934058493:exit
1732934071521:find-fornecedor
1732934224770:exit
1732934243393:find-fornecedor
1732934341979:exit
1732934368495:find-fornecedor
1732934469563:exit
1732934481082:find-fornecedor
1732934538935:exit
1732934550773:find-fornecedor
1732934581429:exit
1732934592933:find-fornecedor
1732934613593:exit
1733452319901:help
1733452326016:add-conta
1733452352143:help
1733452355310:find-contas
1733452493244:help
1733452503488:add-despesa
1733453616726:find-despesa
1733453649869:add-despesa
1733453926513:find-despesa
1733453939674:add-despesa
1733454171466:find-despesa
1733454225337:add-despesa
1733454377465:find-despesa
1733454396863:find-contas
1733455513100:find-despesa
1733455524914:find-contas
1733455928964:exit
1733455952996:find-contas
1733456014287:exit
1733456056143:find-contas
1733456250656:exit
1733456262325:find-contas
1733456489932:exit
1733456501612:find-contas
1733456635624:add-conta
1733456759483:exit
1733456770778:find-contas
1733456914180:add-conta
1733456979182:find-contas
1733457050290:add-conta
1733457248651:find-contas
1733458493507:add-conta
1733458568507:find-conta
1733458573744:find-contas
1733458661837:add-contas
1733458665149:add-conta
1733459357578:exit
1733459396836:add-conta
1741922272170:help
1741922282108:find-fonecedor
1741922286628:find-fornecedor
1741922392799:help
1741922393902:exit
1741922540715:find-fornecedor
1741922691618:exit
1741922834414:help
1741922839573:find-contas
1741923491446:exit
1741923503724:find-contas
1741923682803:exit
1741923692548:help
1741923698156:find-contas
1741923707932:exit
1741923860953:help
1741923864761:find-contas
1741923975100:exit
1741923986611:find-contas
1741924383743:exit
1741924393725:find-contas
1741924519494:exit
1741924544833:find-contas
1741924677467:exit
1741924689280:find-contas
1741924704423:exit
1741924743603:help
1741924749204:status-conta
1741924758246:exit
1741924942826:status-conta
1741924947315:find-contas
1741924964184:exit
1741925021455:find-contas
